# -*-compilation-*-
Processing `C:/Users/Olivia/Desktop/Repos/music/Sonata in B Minor/Sonata in B Minor.ly'
Parsing...
Interpreting music...[8]
C:/Users/Olivia/Desktop/Repos/music/Sonata in B Minor/Sonata in B Minor.ly:18:81: warning: barcheck failed at: 3/4
	e d e d e d e d b fis d e d e gis b | a b cis d e d cis b gis fis gis b 
                                                                                | a8 a e16 fis'4. a,2
[16][16]
Preprocessing graphical objects...
Interpreting music...
C:/Users/Olivia/Desktop/Repos/music/Sonata in B Minor/Sonata in B Minor.ly:18:81: warning: barcheck failed at: 3/4
	e d e d e d e d b fis d e d e gis b | a b cis d e d cis b gis fis gis b 
                                                                                | a8 a e16 fis'4. a,2
MIDI output to `/Users/Olivia/Desktop/Repos/music/Sonata in B Minor/Sonata in B Minor.mid'...
Finding the ideal number of pages...
Fitting music on 1 page...
Drawing systems...
Layout output to `/Users/Olivia/Desktop/Repos/music/Sonata in B Minor/Sonata in B Minor.ps'...
Converting to `/Users/Olivia/Desktop/Repos/music/Sonata in B Minor/Sonata in B Minor.pdf'...
Success: compilation successfully completed
