# -*-compilation-*-
Processing `C:/Users/Diego/Desktop/LilyPond/The Abyss.ly'
Parsing...
C:/Users/Diego/Desktop/LilyPond/The Abyss.ly:22:1: error: unknown escaped string: `\trumpetMusic'

\trumpetMusic = \relative c''
C:/Users/Diego/Desktop/LilyPond/The Abyss.ly:31:1: error: unknown escaped string: `\pianoUpper'

\pianoUpper = \relative c''
C:/Users/Diego/Desktop/LilyPond/The Abyss.ly:41:1: error: unknown escaped string: `\pianoLower'

\pianoLower = \relative c
C:/Users/Diego/Desktop/LilyPond/The Abyss.ly:52:1: error: unknown escaped string: `\celloMusic'

\celloMusic = \relative c
Interpreting music...[8][16][24][24]
Preprocessing graphical objects...
Interpreting music...
MIDI output to `/Users/Diego/Desktop/LilyPond/The Abyss.mid'...
Finding the ideal number of pages...
Fitting music on 1 page...
Drawing systems...
Layout output to `/Users/Diego/Desktop/LilyPond/The Abyss.ps'...
Converting to `/Users/Diego/Desktop/LilyPond/The Abyss.pdf'...
fatal error: failed files: "C:\\Users\\Diego\\Desktop\\LilyPond\\The Abyss.ly"
